<?xml version="1.0" encoding="UTF-8"?>
<testng-results ignored="0" total="1" passed="1" failed="0" skipped="0">
  <reporter-output>
  </reporter-output>
  <suite started-at="2024-03-02T09:19:34 IST" name="Default suite" finished-at="2024-03-02T09:19:42 IST" duration-ms="7816">
    <groups>
    </groups>
    <test started-at="2024-03-02T09:19:34 IST" name="Default test" finished-at="2024-03-02T09:19:42 IST" duration-ms="7816">
      <class name="ResponseValidations.checkForValidReposnse">
        <test-method signature="gettingSingleUser()[pri:0, instance:ResponseValidations.checkForValidReposnse@7714e963]" started-at="2024-03-02T09:19:34 IST" name="gettingSingleUser" finished-at="2024-03-02T09:19:42 IST" duration-ms="7566" status="PASS">
          <reporter-output>
          </reporter-output>
        </test-method> <!-- gettingSingleUser -->
      </class> <!-- ResponseValidations.checkForValidReposnse -->
    </test> <!-- Default test -->
  </suite> <!-- Default suite -->
</testng-results>
